[17.10.2022 21:40:51 ] [INFO] [main] [<module>: 6] => Start
[17.10.2022 21:40:54 ] [INFO] [user_interface] [ls_menu: 22] => The user has selected item number 1
[17.10.2022 21:41:00 ] [INFO] [user_interface] [ls_menu: 26] => The user has selected item number 2
[17.10.2022 21:41:02 ] [INFO] [user_interface] [ls_menu: 28] => User entered: {search}
[17.10.2022 21:41:35 ] [INFO] [user_interface] [ñhecking_the_number: 153] => User entered an invalid menu value: {arg}
[17.10.2022 21:41:39 ] [INFO] [user_interface] [ls_menu: 32] => The user has selected item number 3
[17.10.2022 21:41:42 ] [INFO] [user_interface] [ls_menu: 34] => User entered: {search}
[17.10.2022 21:41:50 ] [INFO] [user_interface] [ñhecking_the_number: 153] => User entered an invalid menu value: {arg}
[17.10.2022 21:41:53 ] [INFO] [user_interface] [ls_menu: 22] => The user has selected item number 1
[17.10.2022 21:42:05 ] [INFO] [user_interface] [ñhecking_the_number: 153] => User entered an invalid menu value: {arg}
[17.10.2022 21:42:08 ] [INFO] [user_interface] [ls_menu: 22] => The user has selected item number 1
[17.10.2022 21:42:21 ] [INFO] [user_interface] [ñhecking_the_number: 153] => User entered an invalid menu value: {arg}
[17.10.2022 21:42:23 ] [INFO] [user_interface] [ls_menu: 22] => The user has selected item number 1
[17.10.2022 21:42:28 ] [INFO] [user_interface] [ñhecking_the_number: 153] => User entered an invalid menu value: {arg}
[17.10.2022 21:42:30 ] [INFO] [user_interface] [ls_menu: 22] => The user has selected item number 1
[17.10.2022 21:42:36 ] [INFO] [user_interface] [ñhecking_the_number: 153] => User entered an invalid menu value: {arg}
[17.10.2022 21:42:38 ] [INFO] [user_interface] [ls_menu: 22] => The user has selected item number 1
[17.10.2022 21:42:41 ] [INFO] [user_interface] [ñhecking_the_number: 153] => User entered an invalid menu value: {arg}
[17.10.2022 21:42:43 ] [INFO] [user_interface] [ls_menu: 22] => The user has selected item number 1
[17.10.2022 21:43:02 ] [INFO] [user_interface] [ñhecking_the_number: 153] => User entered an invalid menu value: {arg}
[17.10.2022 21:43:11 ] [INFO] [user_interface] [ls_menu: 44] => The user has selected item number 5
[17.10.2022 21:43:17 ] [INFO] [user_interface] [ls_menu: 46] => User entered: {name}
[17.10.2022 21:43:19 ] [INFO] [user_interface] [ls_menu: 48] => User entered: {surname}
[17.10.2022 21:43:24 ] [INFO] [user_interface] [ls_menu: 50] => User entered: {number}
[17.10.2022 21:43:39 ] [INFO] [user_interface] [ls_menu: 52] => User entered: {email}
[17.10.2022 21:43:49 ] [INFO] [main] [<module>: 6] => Start
[17.10.2022 21:43:54 ] [INFO] [user_interface] [ls_menu: 44] => The user has selected item number 5
[17.10.2022 21:43:57 ] [INFO] [user_interface] [ls_menu: 46] => User entered: {name}
[17.10.2022 21:43:59 ] [INFO] [user_interface] [ls_menu: 48] => User entered: {surname}
[17.10.2022 21:44:02 ] [INFO] [user_interface] [ls_menu: 50] => User entered: {number}
[17.10.2022 21:44:04 ] [INFO] [user_interface] [ls_menu: 52] => User entered: {email}
[17.10.2022 21:44:12 ] [INFO] [user_interface] [ls_menu: 22] => The user has selected item number 1
[17.10.2022 21:44:46 ] [INFO] [user_interface] [ñhecking_the_number: 153] => User entered an invalid menu value: {arg}
[17.10.2022 21:45:10 ] [INFO] [user_interface] [ñhecking_the_number: 153] => User entered an invalid menu value: {arg}
[17.10.2022 21:45:13 ] [INFO] [user_interface] [ls_menu: 22] => The user has selected item number 1
[17.10.2022 21:47:24 ] [INFO] [user_interface] [ls_menu: 22] => The user has selected item number 1
[17.10.2022 21:49:15 ] [INFO] [user_interface] [ls_menu: 141] => End
[17.10.2022 21:53:54 ] [INFO] [main] [<module>: 8] => Start
[17.10.2022 21:53:58 ] [INFO] [user_interface] [ls_menu: 46] => The user has selected item number 5
[17.10.2022 21:54:05 ] [INFO] [user_interface] [ls_menu: 48] => User entered: {name}
[17.10.2022 21:54:06 ] [INFO] [user_interface] [ls_menu: 50] => User entered: {surname}
[17.10.2022 21:54:10 ] [INFO] [user_interface] [ls_menu: 52] => User entered: {number}
[17.10.2022 21:54:13 ] [INFO] [user_interface] [ls_menu: 54] => User entered: {email}
[17.10.2022 21:54:15 ] [INFO] [user_interface] [ls_menu: 46] => The user has selected item number 5
[17.10.2022 21:54:20 ] [INFO] [user_interface] [ls_menu: 48] => User entered: {name}
[17.10.2022 21:54:23 ] [INFO] [user_interface] [ls_menu: 50] => User entered: {surname}
[17.10.2022 21:54:26 ] [INFO] [user_interface] [ls_menu: 52] => User entered: {number}
[17.10.2022 21:54:30 ] [INFO] [user_interface] [ls_menu: 54] => User entered: {email}
[17.10.2022 21:54:32 ] [INFO] [user_interface] [ls_menu: 46] => The user has selected item number 5
[17.10.2022 21:54:36 ] [INFO] [user_interface] [ls_menu: 48] => User entered: {name}
[17.10.2022 21:54:38 ] [INFO] [user_interface] [ls_menu: 50] => User entered: {surname}
[17.10.2022 21:54:41 ] [INFO] [user_interface] [ls_menu: 52] => User entered: {number}
[17.10.2022 21:54:42 ] [INFO] [user_interface] [ls_menu: 54] => User entered: {email}
[17.10.2022 21:54:43 ] [INFO] [user_interface] [ls_menu: 24] => The user has selected item number 1
[17.10.2022 21:55:03 ] [INFO] [user_interface] [ls_menu: 143] => End
